<?xml version="1.0" encoding="UTF-8"?>
<!-- Generated by org.testng.reporters.JUnitReportReporter -->
<testsuite hostname="DESKTOP-E0A6CG1" failures="0" tests="1" name="com.webtest.demo.Front_Login1" time="22.909" errors="0" timestamp="12 10æœˆ 2018 02:06:48 GMT" skipped="0">
  <testcase classname="com.webtest.demo.Front_Login1" name="testSearch" time="22.909"/>
</testsuite> <!-- com.webtest.demo.Front_Login1 -->
